------- Ant diagnostics report -------
Apache Ant(TM) version 1.8.2 compiled on December 3 2011

-------------------------------------------
 Implementation Version
-------------------------------------------
core tasks     : 1.8.2 in file:/usr/share/ant/lib/ant.jar

-------------------------------------------
 ANT PROPERTIES
-------------------------------------------
ant.version: Apache Ant(TM) version 1.8.2 compiled on December 3 2011
ant.java.version: 1.7
Is this the Apache Harmony VM? no
Is this the Kaffe VM? no
Is this gij/gcj? no
ant.core.lib: /usr/share/ant/lib/ant.jar
ant.home: /usr/share/ant

-------------------------------------------
 ANT_HOME/lib jar listing
-------------------------------------------
ant.home: /usr/share/ant
ant-jsch.jar (40228 bytes)
ant-apache-bsf.jar (3943 bytes)
ant-apache-oro.jar (39625 bytes)
ant-jdepend.jar (8214 bytes)
ant-commons-logging.jar (3913 bytes)
ant-testutil.jar (15199 bytes)
ant-apache-resolver.jar (4073 bytes)
junit.jar (108762 bytes)
ant-apache-bcel.jar (8767 bytes)
ant-jmf.jar (6726 bytes)
ant-apache-xalan2.jar (2295 bytes)
ant-swing.jar (7545 bytes)
ant-antlr.jar (5756 bytes)
ant-junit4.jar (7125 bytes)
ant-apache-regexp.jar (3765 bytes)
ant-javamail.jar (7962 bytes)
ant-apache-log4j.jar (3048 bytes)
ant-launcher.jar (12293 bytes)
ant.jar (1935872 bytes)
ant-junit.jar (102273 bytes)
ant-commons-net.jar (85401 bytes)

-------------------------------------------
 USER_HOME/.ant/lib jar listing
-------------------------------------------
user.home: /home/ben
No such directory.

-------------------------------------------
 Tasks availability
-------------------------------------------
image : Not Available (the implementation class is not present)
sshexec : Missing dependency com.jcraft.jsch.Logger
wlrun : Not Available (the implementation class is not present)
scp : Missing dependency com.jcraft.jsch.Logger
stlist : Not Available (the implementation class is not present)
sshsession : Missing dependency com.jcraft.jsch.Logger
netrexxc : Not Available (the implementation class is not present)
starteam : Not Available (the implementation class is not present)
stlabel : Not Available (the implementation class is not present)
jdepend : Missing dependency jdepend.xmlui.JDepend
stcheckin : Not Available (the implementation class is not present)
stcheckout : Not Available (the implementation class is not present)
ejbc : Not Available (the implementation class is not present)
gjdoc : Not Available (the implementation class is not present)
wlstop : Not Available (the implementation class is not present)
ddcreator : Not Available (the implementation class is not present)
A task being missing/unavailable should only matter if you are trying to use it

-------------------------------------------
 org.apache.env.Which diagnostics
-------------------------------------------
Not available.
Download it at http://xml.apache.org/commons/

-------------------------------------------
 XML Parser information
-------------------------------------------
XML Parser : org.apache.xerces.jaxp.SAXParserImpl
XML Parser Location: file:/usr/share/java/xercesImpl-2.11.0.jar
Namespace-aware parser : org.apache.xerces.jaxp.SAXParserImpl$JAXPSAXParser
Namespace-aware parser Location: file:/usr/share/java/xercesImpl-2.11.0.jar

-------------------------------------------
 XSLT Processor information
-------------------------------------------
XSLT Processor : com.sun.org.apache.xalan.internal.xsltc.trax.TransformerImpl
XSLT Processor Location: unknown

-------------------------------------------
 System properties
-------------------------------------------
java.runtime.name : OpenJDK Runtime Environment
sun.boot.library.path : /usr/lib/jvm/java-7-openjdk-amd64/jre/lib/amd64
java.vm.version : 23.7-b01
ant.library.dir : /usr/share/ant/lib
java.vm.vendor : Oracle Corporation
java.vendor.url : http://java.oracle.com/
path.separator : :
java.vm.name : OpenJDK 64-Bit Server VM
file.encoding.pkg : sun.io
user.country : US
sun.java.launcher : SUN_STANDARD
sun.os.patch.level : unknown
java.vm.specification.name : Java Virtual Machine Specification
user.dir : /home/ben/ross/jdk7/langtools/make
java.runtime.version : 1.7.0_25-b30
java.awt.graphicsenv : sun.awt.X11GraphicsEnvironment
java.endorsed.dirs : /usr/lib/jvm/java-7-openjdk-amd64/jre/lib/endorsed
os.arch : amd64
java.io.tmpdir : /home/ben/ross/jdk7/langtools/build/ant-tmp
line.separator : 

java.vm.specification.vendor : Oracle Corporation
os.name : Linux
ant.home : /usr/share/ant
sun.jnu.encoding : UTF-8
java.library.path : /usr/java/packages/lib/amd64:/usr/lib/jni:/lib:/usr/lib
java.specification.name : Java Platform API Specification
java.class.version : 51.0
sun.management.compiler : HotSpot 64-Bit Tiered Compilers
os.version : 3.8.0-29-generic
user.home : /home/ben
user.timezone : America/New_York
java.awt.printerjob : sun.print.PSPrinterJob
file.encoding : UTF-8
java.specification.version : 1.7
user.name : ben
java.class.path : /usr/share/ant/lib/ant-launcher.jar:/usr/share/java/xmlParserAPIs.jar:/usr/share/java/xercesImpl.jar:/usr/share/ant/lib/ant-jsch.jar:/usr/share/ant/lib/ant-apache-bsf.jar:/usr/share/ant/lib/ant-apache-oro.jar:/usr/share/ant/lib/ant-jdepend.jar:/usr/share/ant/lib/ant-commons-logging.jar:/usr/share/ant/lib/ant-testutil.jar:/usr/share/ant/lib/ant-apache-resolver.jar:/usr/share/ant/lib/junit.jar:/usr/share/ant/lib/ant-apache-bcel.jar:/usr/share/ant/lib/ant-jmf.jar:/usr/share/ant/lib/ant-apache-xalan2.jar:/usr/share/ant/lib/ant-swing.jar:/usr/share/ant/lib/ant-antlr.jar:/usr/share/ant/lib/ant-junit4.jar:/usr/share/ant/lib/ant-apache-regexp.jar:/usr/share/ant/lib/ant-javamail.jar:/usr/share/ant/lib/ant-apache-log4j.jar:/usr/share/ant/lib/ant-launcher.jar:/usr/share/ant/lib/ant.jar:/usr/share/ant/lib/ant-junit.jar:/usr/share/ant/lib/ant-commons-net.jar:/usr/lib/jvm/java-7-openjdk-amd64/lib/tools.jar
java.vm.specification.version : 1.7
sun.arch.data.model : 64
java.home : /usr/lib/jvm/java-7-openjdk-amd64/jre
sun.java.command : org.apache.tools.ant.launch.Launcher -cp  -diagnostics
java.specification.vendor : Oracle Corporation
user.language : en
awt.toolkit : sun.awt.X11.XToolkit
java.vm.info : mixed mode
java.version : 1.7.0_25
java.ext.dirs : /usr/lib/jvm/java-7-openjdk-amd64/jre/lib/ext:/usr/java/packages/lib/ext
sun.boot.class.path : /usr/lib/jvm/java-7-openjdk-amd64/jre/lib/resources.jar:/usr/lib/jvm/java-7-openjdk-amd64/jre/lib/rt.jar:/usr/lib/jvm/java-7-openjdk-amd64/jre/lib/sunrsasign.jar:/usr/lib/jvm/java-7-openjdk-amd64/jre/lib/jsse.jar:/usr/lib/jvm/java-7-openjdk-amd64/jre/lib/jce.jar:/usr/lib/jvm/java-7-openjdk-amd64/jre/lib/charsets.jar:/usr/lib/jvm/java-7-openjdk-amd64/jre/lib/netx.jar:/usr/lib/jvm/java-7-openjdk-amd64/jre/lib/plugin.jar:/usr/lib/jvm/java-7-openjdk-amd64/jre/lib/rhino.jar:/usr/lib/jvm/java-7-openjdk-amd64/jre/lib/jfr.jar:/usr/lib/jvm/java-7-openjdk-amd64/jre/classes
java.vendor : Oracle Corporation
file.separator : /
java.vendor.url.bug : http://bugreport.sun.com/bugreport/
sun.cpu.endian : little
sun.io.unicode.encoding : UnicodeLittle
sun.cpu.isalist : 

-------------------------------------------
 Temp dir
-------------------------------------------
Temp dir is /home/ben/ross/jdk7/langtools/build/ant-tmp
Temp dir is writeable
Temp dir alignment with system clock is -678 ms

-------------------------------------------
 Locale information
-------------------------------------------
Timezone Eastern Standard Time offset=-18000000

-------------------------------------------
 Proxy information
-------------------------------------------
Java1.5+ proxy settings:
Direct connection


Apache Ant(TM) version 1.8.2 compiled on December 3 2011
